2024-07-06T16:26:22.420-03:00  INFO 22764 --- [msclientes] [restartedMain] i.g.c.msclientes.MsclientesApplication   : Starting MsclientesApplication using Java 17.0.10 with PID 22764 (C:\temp\micro services\projeto-cursoms\msclientes\target\classes started by marce in C:\temp\micro services\projeto-cursoms)
2024-07-06T16:26:22.422-03:00  INFO 22764 --- [msclientes] [restartedMain] i.g.c.msclientes.MsclientesApplication   : No active profile set, falling back to 1 default profile: "default"
2024-07-06T16:26:22.511-03:00  INFO 22764 --- [msclientes] [restartedMain] .e.DevToolsPropertyDefaultsPostProcessor : Devtools property defaults active! Set 'spring.devtools.add-properties' to 'false' to disable
2024-07-06T16:26:22.512-03:00  INFO 22764 --- [msclientes] [restartedMain] .e.DevToolsPropertyDefaultsPostProcessor : For additional web related logging consider setting the 'logging.level.web' property to 'DEBUG'
2024-07-06T16:26:24.052-03:00  INFO 22764 --- [msclientes] [restartedMain] .s.d.r.c.RepositoryConfigurationDelegate : Bootstrapping Spring Data JPA repositories in DEFAULT mode.
2024-07-06T16:26:24.161-03:00  INFO 22764 --- [msclientes] [restartedMain] .s.d.r.c.RepositoryConfigurationDelegate : Finished Spring Data repository scanning in 98 ms. Found 1 JPA repository interface.
2024-07-06T16:26:24.499-03:00  INFO 22764 --- [msclientes] [restartedMain] o.s.cloud.context.scope.GenericScope     : BeanFactory id=db7eda01-8abb-35bc-9041-3da7ccb31612
2024-07-06T16:26:24.858-03:00  WARN 22764 --- [msclientes] [restartedMain] trationDelegate$BeanPostProcessorChecker : Bean 'org.springframework.cloud.client.loadbalancer.LoadBalancerAutoConfiguration$DeferringLoadBalancerInterceptorConfig' of type [org.springframework.cloud.client.loadbalancer.LoadBalancerAutoConfiguration$DeferringLoadBalancerInterceptorConfig] is not eligible for getting processed by all BeanPostProcessors (for example: not eligible for auto-proxying). The currently created BeanPostProcessor [lbRestClientPostProcessor] is declared through a non-static factory method on that class; consider declaring it as static instead.
2024-07-06T16:26:24.862-03:00  WARN 22764 --- [msclientes] [restartedMain] trationDelegate$BeanPostProcessorChecker : Bean 'deferringLoadBalancerInterceptor' of type [org.springframework.cloud.client.loadbalancer.DeferringLoadBalancerInterceptor] is not eligible for getting processed by all BeanPostProcessors (for example: not eligible for auto-proxying). Is this bean getting eagerly injected into a currently created BeanPostProcessor [lbRestClientPostProcessor]? Check the corresponding BeanPostProcessor declaration and its dependencies.
2024-07-06T16:26:25.569-03:00  INFO 22764 --- [msclientes] [restartedMain] o.s.b.w.embedded.tomcat.TomcatWebServer  : Tomcat initialized with port 0 (http)
2024-07-06T16:26:25.578-03:00  INFO 22764 --- [msclientes] [restartedMain] o.apache.catalina.core.StandardService   : Starting service [Tomcat]
2024-07-06T16:26:25.578-03:00  INFO 22764 --- [msclientes] [restartedMain] o.apache.catalina.core.StandardEngine    : Starting Servlet engine: [Apache Tomcat/10.1.20]
2024-07-06T16:26:25.640-03:00  INFO 22764 --- [msclientes] [restartedMain] o.a.c.c.C.[Tomcat].[localhost].[/]       : Initializing Spring embedded WebApplicationContext
2024-07-06T16:26:25.640-03:00  INFO 22764 --- [msclientes] [restartedMain] w.s.c.ServletWebServerApplicationContext : Root WebApplicationContext: initialization completed in 3127 ms
2024-07-06T16:26:25.834-03:00  INFO 22764 --- [msclientes] [restartedMain] com.zaxxer.hikari.HikariDataSource       : HikariPool-1 - Starting...
2024-07-06T16:26:26.094-03:00  INFO 22764 --- [msclientes] [restartedMain] com.zaxxer.hikari.pool.HikariPool        : HikariPool-1 - Added connection conn0: url=jdbc:h2:mem:deccaad8-a721-4ca5-b046-29daf2786218 user=SA
2024-07-06T16:26:26.097-03:00  INFO 22764 --- [msclientes] [restartedMain] com.zaxxer.hikari.HikariDataSource       : HikariPool-1 - Start completed.
2024-07-06T16:26:26.109-03:00  INFO 22764 --- [msclientes] [restartedMain] o.s.b.a.h2.H2ConsoleAutoConfiguration    : H2 console available at '/h2-console'. Database available at 'jdbc:h2:mem:deccaad8-a721-4ca5-b046-29daf2786218'
2024-07-06T16:26:26.408-03:00  INFO 22764 --- [msclientes] [restartedMain] o.hibernate.jpa.internal.util.LogHelper  : HHH000204: Processing PersistenceUnitInfo [name: default]
2024-07-06T16:26:26.552-03:00  INFO 22764 --- [msclientes] [restartedMain] org.hibernate.Version                    : HHH000412: Hibernate ORM core version 6.4.4.Final
2024-07-06T16:26:26.627-03:00  INFO 22764 --- [msclientes] [restartedMain] o.h.c.internal.RegionFactoryInitiator    : HHH000026: Second-level cache disabled
2024-07-06T16:26:26.946-03:00  INFO 22764 --- [msclientes] [restartedMain] o.s.o.j.p.SpringPersistenceUnitInfo      : No LoadTimeWeaver setup: ignoring JPA class transformer
2024-07-06T16:26:27.898-03:00  INFO 22764 --- [msclientes] [restartedMain] o.h.e.t.j.p.i.JtaPlatformInitiator       : HHH000489: No JTA platform available (set 'hibernate.transaction.jta.platform' to enable JTA platform integration)
2024-07-06T16:26:27.921-03:00  INFO 22764 --- [msclientes] [restartedMain] j.LocalContainerEntityManagerFactoryBean : Initialized JPA EntityManagerFactory for persistence unit 'default'
2024-07-06T16:26:28.493-03:00  WARN 22764 --- [msclientes] [restartedMain] JpaBaseConfiguration$JpaWebConfiguration : spring.jpa.open-in-view is enabled by default. Therefore, database queries may be performed during view rendering. Explicitly configure spring.jpa.open-in-view to disable this warning
2024-07-06T16:26:29.664-03:00  WARN 22764 --- [msclientes] [restartedMain] o.s.b.d.a.OptionalLiveReloadServer       : Unable to start LiveReload server
2024-07-06T16:26:29.825-03:00  INFO 22764 --- [msclientes] [restartedMain] DiscoveryClientOptionalArgsConfiguration : Eureka HTTP Client uses RestTemplate.
2024-07-06T16:26:29.934-03:00  INFO 22764 --- [msclientes] [restartedMain] o.s.b.a.e.web.EndpointLinksResolver      : Exposing 17 endpoint(s) beneath base path '/actuator'
2024-07-06T16:26:30.043-03:00  INFO 22764 --- [msclientes] [restartedMain] o.s.b.w.embedded.tomcat.TomcatWebServer  : Tomcat started on port 60557 (http) with context path ''
2024-07-06T16:26:30.046-03:00  INFO 22764 --- [msclientes] [restartedMain] .s.c.n.e.s.EurekaAutoServiceRegistration : Updating port to 60557
2024-07-06T16:26:30.054-03:00  INFO 22764 --- [msclientes] [restartedMain] o.s.c.n.eureka.InstanceInfoFactory       : Setting initial instance status as: STARTING
2024-07-06T16:26:30.158-03:00  INFO 22764 --- [msclientes] [restartedMain] com.netflix.discovery.DiscoveryClient    : Initializing Eureka in region us-east-1
2024-07-06T16:26:30.169-03:00  INFO 22764 --- [msclientes] [restartedMain] c.n.d.s.r.aws.ConfigClusterResolver      : Resolving eureka endpoints via configuration
2024-07-06T16:26:30.217-03:00  INFO 22764 --- [msclientes] [restartedMain] com.netflix.discovery.DiscoveryClient    : Disable delta property : false
2024-07-06T16:26:30.217-03:00  INFO 22764 --- [msclientes] [restartedMain] com.netflix.discovery.DiscoveryClient    : Single vip registry refresh property : null
2024-07-06T16:26:30.217-03:00  INFO 22764 --- [msclientes] [restartedMain] com.netflix.discovery.DiscoveryClient    : Force full registry fetch : false
2024-07-06T16:26:30.217-03:00  INFO 22764 --- [msclientes] [restartedMain] com.netflix.discovery.DiscoveryClient    : Application is null : false
2024-07-06T16:26:30.217-03:00  INFO 22764 --- [msclientes] [restartedMain] com.netflix.discovery.DiscoveryClient    : Registered Applications size is zero : true
2024-07-06T16:26:30.218-03:00  INFO 22764 --- [msclientes] [restartedMain] com.netflix.discovery.DiscoveryClient    : Application version is -1: true
2024-07-06T16:26:30.218-03:00  INFO 22764 --- [msclientes] [restartedMain] com.netflix.discovery.DiscoveryClient    : Getting all instance registry info from the eureka server
2024-07-06T16:26:30.825-03:00  INFO 22764 --- [msclientes] [restartedMain] com.netflix.discovery.DiscoveryClient    : The response status is 200
2024-07-06T16:26:30.827-03:00  INFO 22764 --- [msclientes] [restartedMain] com.netflix.discovery.DiscoveryClient    : Starting heartbeat executor: renew interval is: 30
2024-07-06T16:26:30.831-03:00  INFO 22764 --- [msclientes] [restartedMain] c.n.discovery.InstanceInfoReplicator     : InstanceInfoReplicator onDemand update allowed rate per min is 4
2024-07-06T16:26:30.839-03:00  INFO 22764 --- [msclientes] [restartedMain] com.netflix.discovery.DiscoveryClient    : Discovery Client initialized at timestamp 1720293990837 with initial instances count: 0
2024-07-06T16:26:30.850-03:00  INFO 22764 --- [msclientes] [restartedMain] o.s.c.n.e.s.EurekaServiceRegistry        : Registering application MSCLIENTES with eureka with status UP
2024-07-06T16:26:30.851-03:00  INFO 22764 --- [msclientes] [restartedMain] com.netflix.discovery.DiscoveryClient    : Saw local status change event StatusChangeEvent [timestamp=1720293990851, current=UP, previous=STARTING]
2024-07-06T16:26:30.854-03:00  INFO 22764 --- [msclientes] [DiscoveryClient-InstanceInfoReplicator-0] com.netflix.discovery.DiscoveryClient    : DiscoveryClient_MSCLIENTES/msclientes:0927127fb8db609debbe670c77d392b3: registering service...
2024-07-06T16:26:31.069-03:00  INFO 22764 --- [msclientes] [restartedMain] i.g.c.msclientes.MsclientesApplication   : Started MsclientesApplication in 9.369 seconds (process running for 10.035)
2024-07-06T16:26:31.092-03:00  INFO 22764 --- [msclientes] [DiscoveryClient-InstanceInfoReplicator-0] com.netflix.discovery.DiscoveryClient    : DiscoveryClient_MSCLIENTES/msclientes:0927127fb8db609debbe670c77d392b3 - registration status: 204
2024-07-06T16:26:44.744-03:00  INFO 22764 --- [msclientes] [http-nio-auto-1-exec-1] o.a.c.c.C.[Tomcat].[localhost].[/]       : Initializing Spring DispatcherServlet 'dispatcherServlet'
2024-07-06T16:26:44.744-03:00  INFO 22764 --- [msclientes] [http-nio-auto-1-exec-1] o.s.web.servlet.DispatcherServlet        : Initializing Servlet 'dispatcherServlet'
2024-07-06T16:26:44.747-03:00  INFO 22764 --- [msclientes] [http-nio-auto-1-exec-1] o.s.web.servlet.DispatcherServlet        : Completed initialization in 2 ms
2024-07-06T16:27:00.832-03:00  INFO 22764 --- [msclientes] [DiscoveryClient-CacheRefreshExecutor-0] com.netflix.discovery.DiscoveryClient    : Disable delta property : false
2024-07-06T16:27:00.833-03:00  INFO 22764 --- [msclientes] [DiscoveryClient-CacheRefreshExecutor-0] com.netflix.discovery.DiscoveryClient    : Single vip registry refresh property : null
2024-07-06T16:27:00.833-03:00  INFO 22764 --- [msclientes] [DiscoveryClient-CacheRefreshExecutor-0] com.netflix.discovery.DiscoveryClient    : Force full registry fetch : false
2024-07-06T16:27:00.833-03:00  INFO 22764 --- [msclientes] [DiscoveryClient-CacheRefreshExecutor-0] com.netflix.discovery.DiscoveryClient    : Application is null : false
2024-07-06T16:27:00.833-03:00  INFO 22764 --- [msclientes] [DiscoveryClient-CacheRefreshExecutor-0] com.netflix.discovery.DiscoveryClient    : Registered Applications size is zero : true
2024-07-06T16:27:00.833-03:00  INFO 22764 --- [msclientes] [DiscoveryClient-CacheRefreshExecutor-0] com.netflix.discovery.DiscoveryClient    : Application version is -1: false
2024-07-06T16:27:00.833-03:00  INFO 22764 --- [msclientes] [DiscoveryClient-CacheRefreshExecutor-0] com.netflix.discovery.DiscoveryClient    : Getting all instance registry info from the eureka server
2024-07-06T16:27:00.861-03:00  INFO 22764 --- [msclientes] [DiscoveryClient-CacheRefreshExecutor-0] com.netflix.discovery.DiscoveryClient    : The response status is 200
2024-07-06T16:31:30.237-03:00  INFO 22764 --- [msclientes] [AsyncResolver-bootstrap-executor-0] c.n.d.s.r.aws.ConfigClusterResolver      : Resolving eureka endpoints via configuration
